<?xml version="1.0" encoding="UTF-8"?>
<!-- Generated by org.testng.reporters.JUnitReportReporter -->
<testsuite hostname="DESKTOP-PFPP2PO" failures="0" tests="1" name="cucumber.TestNGTestRunner" time="28.669" errors="0" timestamp="2024-11-06T16:34:56 IST" skipped="0">
  <testcase classname="cucumber.TestNGTestRunner" name="runScenario" time="28.669"/>
</testsuite> <!-- cucumber.TestNGTestRunner -->
