<?xml version="1.0" encoding="UTF-8"?>
<!-- Generated by org.testng.reporters.JUnitReportReporter -->
<testsuite hostname="DESKTOP-PFPP2PO" failures="0" tests="3" name="frameworkdesign.test.SubmitOrderTest" time="39.706" errors="0" timestamp="2024-10-31T18:28:06 IST" skipped="0">
  <testcase classname="frameworkdesign.test.SubmitOrderTest" name="submitOrder" time="8.432"/>
  <testcase classname="frameworkdesign.test.SubmitOrderTest" name="submitOrder" time="22.159"/>
  <testcase classname="frameworkdesign.test.SubmitOrderTest" name="orderHistory" time="9.115"/>
</testsuite> <!-- frameworkdesign.test.SubmitOrderTest -->
