<?xml version="1.0" encoding="UTF-8"?>
<!-- Generated by org.testng.reporters.JUnitReportReporter -->
<testsuite hostname="DESKTOP-PFPP2PO" failures="0" tests="2" name="frameworkdesign.test.SubmitOrderTest" time="48.055" errors="0" timestamp="2024-10-31T19:47:11 IST" skipped="0">
  <testcase classname="frameworkdesign.test.SubmitOrderTest" name="submitOrder" time="21.699"/>
  <testcase classname="frameworkdesign.test.SubmitOrderTest" name="submitOrder" time="26.356"/>
</testsuite> <!-- frameworkdesign.test.SubmitOrderTest -->
